7/28/2018 8:26:31 AM: Error! тест.. Объект: BGSpawnBorder
7/28/2018 8:38:02 AM: Error! Array index is out of range.. Объект: BGSpawnBorder
7/28/2018 8:38:02 AM: Error! Array index is out of range.. Объект: BGSpawnBorder
7/28/2018 8:38:02 AM: Error! Array index is out of range.. Объект: BGSpawnBorder
7/28/2018 8:38:02 AM: Error! Array index is out of range.. Объект: BGSpawnBorder
7/28/2018 8:38:02 AM: Error! Array index is out of range.. Объект: BGSpawnBorder
7/28/2018 8:38:02 AM: Error! Array index is out of range.. Объект: BGSpawnBorder
7/28/2018 8:38:02 AM: Error! Array index is out of range.. Объект: BGSpawnBorder
7/28/2018 8:38:02 AM: Error! Array index is out of range.. Объект: BGSpawnBorder
7/28/2018 8:38:02 AM: Error! Array index is out of range.. Объект: BGSpawnBorder
7/28/2018 8:38:02 AM: Error! Array index is out of range.. Объект: BGSpawnBorder
7/28/2018 8:38:02 AM: Error! Array index is out of range.. Объект: BGSpawnBorder
7/28/2018 8:38:02 AM: Error! Array index is out of range.. Объект: BGSpawnBorder
7/28/2018 8:38:02 AM: Error! Array index is out of range.. Объект: BGSpawnBorder
7/28/2018 8:38:02 AM: Error! Array index is out of range.. Объект: BGSpawnBorder
7/28/2018 8:38:02 AM: Error! Array index is out of range.. Объект: BGSpawnBorder
7/28/2018 8:38:02 AM: Error! Array index is out of range.. Объект: BGSpawnBorder
7/28/2018 8:38:19 AM: Error! Array index is out of range.. Объект: BGSpawnBorder
7/28/2018 8:38:19 AM: Error! Array index is out of range.. Объект: BGSpawnBorder
7/28/2018 8:38:19 AM: Error! Array index is out of range.. Объект: BGSpawnBorder
7/28/2018 8:38:19 AM: Error! Array index is out of range.. Объект: BGSpawnBorder
7/28/2018 8:38:19 AM: Error! Array index is out of range.. Объект: BGSpawnBorder
7/28/2018 8:38:19 AM: Error! Array index is out of range.. Объект: BGSpawnBorder
7/28/2018 8:38:19 AM: Error! Array index is out of range.. Объект: BGSpawnBorder
7/28/2018 8:38:19 AM: Error! Array index is out of range.. Объект: BGSpawnBorder
7/28/2018 8:38:19 AM: Error! Array index is out of range.. Объект: BGSpawnBorder
7/28/2018 8:38:19 AM: Error! Array index is out of range.. Объект: BGSpawnBorder
7/28/2018 8:38:19 AM: Error! Array index is out of range.. Объект: BGSpawnBorder
7/28/2018 8:38:19 AM: Error! Array index is out of range.. Объект: BGSpawnBorder
7/28/2018 8:38:19 AM: Error! Array index is out of range.. Объект: BGSpawnBorder
7/28/2018 8:38:19 AM: Error! Array index is out of range.. Объект: BGSpawnBorder
7/28/2018 8:38:19 AM: Error! Array index is out of range.. Объект: BGSpawnBorder
7/28/2018 8:38:19 AM: Error! Array index is out of range.. Объект: BGSpawnBorder
7/28/2018 8:38:19 AM: Error! Array index is out of range.. Объект: BGSpawnBorder
7/28/2018 8:38:19 AM: Error! Array index is out of range.. Объект: BGSpawnBorder
7/28/2018 8:38:19 AM: Error! Array index is out of range.. Объект: BGSpawnBorder
7/28/2018 8:38:19 AM: Error! Array index is out of range.. Объект: BGSpawnBorder
7/28/2018 8:38:19 AM: Error! Array index is out of range.. Объект: BGSpawnBorder
7/28/2018 8:38:19 AM: Error! Array index is out of range.. Объект: BGSpawnBorder
7/28/2018 8:38:19 AM: Error! Array index is out of range.. Объект: BGSpawnBorder
7/28/2018 8:38:19 AM: Error! Array index is out of range.. Объект: BGSpawnBorder
7/28/2018 8:38:19 AM: Error! Array index is out of range.. Объект: BGSpawnBorder
7/28/2018 8:38:19 AM: Error! Array index is out of range.. Объект: BGSpawnBorder
7/28/2018 8:38:19 AM: Error! Array index is out of range.. Объект: BGSpawnBorder
7/28/2018 8:38:19 AM: Error! Array index is out of range.. Объект: BGSpawnBorder
7/28/2018 8:38:19 AM: Error! Array index is out of range.. Объект: BGSpawnBorder
7/28/2018 8:38:19 AM: Error! Array index is out of range.. Объект: BGSpawnBorder
7/28/2018 8:38:19 AM: Error! Array index is out of range.. Объект: BGSpawnBorder
7/28/2018 8:38:19 AM: Error! Array index is out of range.. Объект: BGSpawnBorder
7/28/2018 8:38:19 AM: Error! Array index is out of range.. Объект: BGSpawnBorder
7/28/2018 8:38:19 AM: Error! Array index is out of range.. Объект: BGSpawnBorder
7/28/2018 9:25:51 AM: Error! Точки появления препятсткий не инициализированы. Объект: BGSpawnBorder
7/28/2018 9:25:57 AM: Error! Точки появления препятсткий не инициализированы. Объект: BGSpawnBorder
7/28/2018 9:26:05 AM: Error! Точки появления препятсткий не инициализированы. Объект: BGSpawnBorder
7/28/2018 9:26:12 AM: Error! Точки появления препятсткий не инициализированы. Объект: BGSpawnBorder
7/28/2018 9:26:20 AM: Error! Точки появления препятсткий не инициализированы. Объект: BGSpawnBorder
7/28/2018 9:26:28 AM: Error! Точки появления препятсткий не инициализированы. Объект: BGSpawnBorder
7/28/2018 9:26:35 AM: Error! Точки появления препятсткий не инициализированы. Объект: BGSpawnBorder
7/28/2018 9:26:43 AM: Error! Точки появления препятсткий не инициализированы. Объект: BGSpawnBorder
7/28/2018 9:27:42 AM: Error! Точки появления препятсткий не инициализированы. Объект: BGSpawnBorder
7/28/2018 9:27:48 AM: Error! Точки появления препятсткий не инициализированы. Объект: BGSpawnBorder
7/28/2018 9:27:53 AM: Error! Точки появления препятсткий не инициализированы. Объект: BGSpawnBorder
7/28/2018 9:27:59 AM: Error! Точки появления препятсткий не инициализированы. Объект: BGSpawnBorder
7/28/2018 9:28:05 AM: Error! Точки появления препятсткий не инициализированы. Объект: BGSpawnBorder
7/28/2018 9:28:11 AM: Error! Точки появления препятсткий не инициализированы. Объект: BGSpawnBorder
7/28/2018 9:28:16 AM: Error! Точки появления препятсткий не инициализированы. Объект: BGSpawnBorder
7/28/2018 9:29:11 AM: Error! Точки появления препятсткий не инициализированы. Объект: BGSpawnBorder
7/28/2018 9:29:17 AM: Error! Точки появления препятсткий не инициализированы. Объект: BGSpawnBorder
7/28/2018 9:29:44 AM: Error! Точки появления препятсткий не инициализированы. Объект: BGSpawnBorder
7/28/2018 9:29:50 AM: Error! Точки появления препятсткий не инициализированы. Объект: BGSpawnBorder
7/28/2018 9:29:56 AM: Error! Точки появления препятсткий не инициализированы. Объект: BGSpawnBorder
7/28/2018 9:30:02 AM: Error! Точки появления препятсткий не инициализированы. Объект: BGSpawnBorder
7/28/2018 9:30:48 AM: Error! Точки появления препятсткий не инициализированы. Объект: BGSpawnBorder
7/28/2018 9:34:58 AM: Error! Точки появления препятсткий не инициализированы. Объект: BGSpawnBorder
7/28/2018 9:35:04 AM: Error! Точки появления препятсткий не инициализированы. Объект: BGSpawnBorder
7/28/2018 9:35:10 AM: Error! Точки появления препятсткий не инициализированы. Объект: BGSpawnBorder
7/28/2018 9:35:31 AM: Error! Точки появления препятсткий не инициализированы. Объект: BGSpawnBorder
7/28/2018 9:35:37 AM: Error! Точки появления препятсткий не инициализированы. Объект: BGSpawnBorder
7/28/2018 9:35:37 AM: Error! Точки появления препятсткий не инициализированы. Объект: BGSpawnBorder
7/28/2018 9:35:43 AM: Error! Точки появления препятсткий не инициализированы. Объект: BGSpawnBorder
7/28/2018 9:35:43 AM: Error! Точки появления препятсткий не инициализированы. Объект: BGSpawnBorder
7/28/2018 9:36:00 AM: Error! Точки появления препятсткий не инициализированы. Объект: BGSpawnBorder
7/28/2018 9:36:05 AM: Error! Точки появления препятсткий не инициализированы. Объект: BGSpawnBorder
7/28/2018 9:36:11 AM: Error! Точки появления препятсткий не инициализированы. Объект: BGSpawnBorder
7/28/2018 9:36:17 AM: Error! Точки появления препятсткий не инициализированы. Объект: BGSpawnBorder
7/28/2018 9:36:52 AM: Error! Точки появления препятсткий не инициализированы. Объект: BGSpawnBorder
7/28/2018 9:36:58 AM: Error! Точки появления препятсткий не инициализированы. Объект: BGSpawnBorder
7/28/2018 9:37:12 AM: Error! Точки появления препятсткий не инициализированы. Объект: BGSpawnBorder
7/28/2018 9:37:23 AM: Error! Точки появления препятсткий не инициализированы. Объект: BGSpawnBorder
7/28/2018 9:40:17 AM: Error! Точки появления препятсткий не инициализированы. Объект: BGSpawnBorder
7/28/2018 9:40:23 AM: Error! Точки появления препятсткий не инициализированы. Объект: BGSpawnBorder
7/28/2018 9:40:29 AM: Error! Точки появления препятсткий не инициализированы. Объект: BGSpawnBorder
7/28/2018 9:49:09 AM: Error! Точки появления препятсткий не инициализированы. Объект: BGSpawnBorder
7/28/2018 9:49:15 AM: Error! Точки появления препятсткий не инициализированы. Объект: BGSpawnBorder
7/28/2018 9:49:21 AM: Error! Точки появления препятсткий не инициализированы. Объект: BGSpawnBorder
7/28/2018 9:50:03 AM: Error! Точки появления препятсткий не инициализированы. Объект: BGSpawnBorder
7/28/2018 9:50:09 AM: Error! Точки появления препятсткий не инициализированы. Объект: BGSpawnBorder
7/28/2018 9:50:39 AM: Error! Точки появления препятсткий не инициализированы. Объект: BGSpawnBorder
7/28/2018 9:50:44 AM: Error! Точки появления препятсткий не инициализированы. Объект: BGSpawnBorder
7/28/2018 9:50:50 AM: Error! Точки появления препятсткий не инициализированы. Объект: BGSpawnBorder
7/28/2018 9:56:24 AM: Error! Точки появления препятсткий не инициализированы. Объект: BGSpawnBorder
7/28/2018 9:56:30 AM: Error! Точки появления препятсткий не инициализированы. Объект: BGSpawnBorder
7/28/2018 10:00:19 AM: Warning! Erroe Объект: BGSpawnBorder
7/28/2018 10:40:36 AM: Error! Object reference not set to an instance of an object Объект: Environment
7/28/2018 10:41:58 AM: Error! Object reference not set to an instance of an object Объект: Environment
7/28/2018 10:43:52 AM: Error! Object reference not set to an instance of an object Объект: Environment
7/28/2018 10:45:08 AM: Error! Object reference not set to an instance of an object Объект: Environment
7/28/2018 11:44:27 AM: Info! UnityEngine.Events.UnityEvent UnityEngine.Events.UnityEvent Объект: BGSpawnBorder
7/28/2018 11:44:27 AM: Info! UnityEngine.Events.UnityEvent UnityEngine.Events.UnityEvent Объект: BGSpawnBorder
7/28/2018 11:44:27 AM: Info! UnityEngine.Events.UnityEvent UnityEngine.Events.UnityEvent Объект: BGSpawnBorder
7/28/2018 11:44:27 AM: Info! UnityEngine.Events.UnityEvent UnityEngine.Events.UnityEvent Объект: BGSpawnBorder
7/28/2018 11:44:31 AM: Info! UnityEngine.Events.UnityEvent UnityEngine.Events.UnityEvent Объект: BGSpawnBorder
7/28/2018 11:44:31 AM: Info! UnityEngine.Events.UnityEvent UnityEngine.Events.UnityEvent Объект: BGSpawnBorder
7/28/2018 11:44:31 AM: Info! UnityEngine.Events.UnityEvent UnityEngine.Events.UnityEvent Объект: BGSpawnBorder
7/28/2018 12:17:47 PM: Info! Player loog Объект: Worm
7/28/2018 12:32:03 PM: Info! Log Объект: Worm
7/28/2018 12:32:03 PM: Info! Looog Объект: Environment
7/28/2018 12:39:13 PM: Error! Ссылка на объект не инициализирована. Объект: Worm (UnityEngine.GameObject)
7/28/2018 12:42:24 PM: Info! Loog Объект: Environment (UnityEngine.GameObject)
7/28/2018 12:45:51 PM: Info! Loog Объект: Environment (UnityEngine.GameObject)
7/28/2018 12:47:14 PM: Info! Loog Объект: Environment (UnityEngine.GameObject)
7/28/2018 12:48:30 PM: Info! Star Объект: Environment (UnityEngine.GameObject)
7/28/2018 12:48:33 PM: Info! Loog Объект: Environment (UnityEngine.GameObject)
7/28/2018 12:51:43 PM: Info! Star Объект: Environment (UnityEngine.GameObject)
7/28/2018 12:53:05 PM: Info! Star Объект: Environment (UnityEngine.GameObject)
7/28/2018 12:53:08 PM: Info! Loog Объект: Environment (UnityEngine.GameObject)
7/28/2018 1:01:18 PM: Info! False Объект: Environment (UnityEngine.GameObject)
7/28/2018 1:01:27 PM: Info! False Объект: Environment (UnityEngine.GameObject)
7/28/2018 1:01:30 PM: Info! Loog Объект: Environment (UnityEngine.GameObject)
7/28/2018 1:02:06 PM: Info! False Объект: Environment (UnityEngine.GameObject)
7/28/2018 1:02:09 PM: Info! Loog Объект: Environment (UnityEngine.GameObject)
7/28/2018 1:04:33 PM: Info! False Объект: Environment (UnityEngine.GameObject)
7/28/2018 1:04:47 PM: Info! Loog Объект: Environment (UnityEngine.GameObject)
7/28/2018 1:07:46 PM: Info! False Объект: Environment (UnityEngine.GameObject)
7/28/2018 1:08:29 PM: Info! False Объект: Environment (UnityEngine.GameObject)
7/28/2018 1:16:02 PM: Info! OnTriggerEnter Объект: Worm (UnityEngine.GameObject)
7/28/2018 1:16:08 PM: Info! OnTriggerEnter Объект: Worm (UnityEngine.GameObject)
7/28/2018 1:19:17 PM: Info! OnTriggerEnter Объект: Worm (UnityEngine.GameObject)
7/28/2018 1:21:04 PM: Info! OnTriggerEnter Объект: Worm (UnityEngine.GameObject)
7/28/2018 1:21:10 PM: Info! OnTriggerEnter Объект: Worm (UnityEngine.GameObject)
7/28/2018 1:22:07 PM: Info! Replace Объект: Environment (UnityEngine.GameObject)
7/28/2018 1:23:08 PM: Info! Replace Объект: Environment (UnityEngine.GameObject)
7/28/2018 1:23:14 PM: Info! Replace Объект: Environment (UnityEngine.GameObject)
7/28/2018 1:23:14 PM: Error! The variable spawnPoint of BGSpawnBorder has not been assigned.
You probably need to assign the spawnPoint variable of the BGSpawnBorder script in the inspector. Объект: Environment (UnityEngine.GameObject)
7/28/2018 1:23:44 PM: Info! Replace Объект: Environment (UnityEngine.GameObject)
7/28/2018 1:23:49 PM: Info! Replace Объект: Environment (UnityEngine.GameObject)
7/28/2018 1:23:55 PM: Info! Replace Объект: Environment (UnityEngine.GameObject)
7/28/2018 1:24:01 PM: Info! Replace Объект: Environment (UnityEngine.GameObject)
7/28/2018 1:24:07 PM: Info! Replace Объект: Environment (UnityEngine.GameObject)
7/28/2018 1:24:13 PM: Info! Replace Объект: Environment (UnityEngine.GameObject)
7/28/2018 1:24:21 PM: Info! Replace Объект: Environment (UnityEngine.GameObject)
7/28/2018 1:24:28 PM: Info! Replace Объект: Environment (UnityEngine.GameObject)
7/28/2018 1:24:36 PM: Info! Replace Объект: Environment (UnityEngine.GameObject)
7/28/2018 1:28:46 PM: Info! Replace Объект: Environment (UnityEngine.GameObject)
7/28/2018 1:28:53 PM: Info! Replace Объект: Environment (UnityEngine.GameObject)
7/28/2018 1:28:59 PM: Info! Replace Объект: Environment (UnityEngine.GameObject)
7/28/2018 1:29:06 PM: Info! Replace Объект: Environment (UnityEngine.GameObject)
7/28/2018 1:29:15 PM: Info! Replace Объект: Environment (UnityEngine.GameObject)
7/28/2018 1:29:25 PM: Info! Replace Объект: Environment (UnityEngine.GameObject)
7/28/2018 1:29:31 PM: Info! Replace Объект: Environment (UnityEngine.GameObject)
7/28/2018 1:29:38 PM: Info! Replace Объект: Environment (UnityEngine.GameObject)
7/28/2018 1:29:46 PM: Info! Replace Объект: Environment (UnityEngine.GameObject)
7/28/2018 1:29:53 PM: Info! Replace Объект: Environment (UnityEngine.GameObject)
7/28/2018 1:30:01 PM: Info! Replace Объект: Environment (UnityEngine.GameObject)
7/28/2018 1:30:08 PM: Info! Replace Объект: Environment (UnityEngine.GameObject)
7/28/2018 1:30:16 PM: Info! Replace Объект: Environment (UnityEngine.GameObject)
7/28/2018 1:30:23 PM: Info! Replace Объект: Environment (UnityEngine.GameObject)
7/28/2018 11:06:30 PM: Info! Replace Объект: Environment (UnityEngine.GameObject)
7/28/2018 11:06:35 PM: Info! Replace Объект: Environment (UnityEngine.GameObject)
7/28/2018 11:08:12 PM: Info! Replace Объект: Environment (UnityEngine.GameObject)
7/28/2018 11:08:25 PM: Info! Replace Объект: Environment (UnityEngine.GameObject)
7/28/2018 11:08:37 PM: Info! Replace Объект: Environment (UnityEngine.GameObject)
7/28/2018 11:08:50 PM: Info! Replace Объект: Environment (UnityEngine.GameObject)
7/28/2018 11:17:24 PM: Info! Replace Объект: Environment (UnityEngine.GameObject)
7/28/2018 11:17:50 PM: Info! Replace Объект: Environment (UnityEngine.GameObject)
7/28/2018 11:18:03 PM: Info! Replace Объект: Environment (UnityEngine.GameObject)
7/28/2018 11:18:15 PM: Info! Replace Объект: Environment (UnityEngine.GameObject)
7/28/2018 11:18:27 PM: Info! Replace Объект: Environment (UnityEngine.GameObject)
7/28/2018 11:18:50 PM: Info! Replace Объект: Environment (UnityEngine.GameObject)
7/28/2018 11:21:42 PM: Info! Replace Объект: Environment (UnityEngine.GameObject)
7/28/2018 11:22:00 PM: Info! Replace Объект: Environment (UnityEngine.GameObject)
7/28/2018 11:22:12 PM: Info! Replace Объект: Environment (UnityEngine.GameObject)
7/28/2018 11:22:25 PM: Info! Replace Объект: Environment (UnityEngine.GameObject)
7/28/2018 11:22:42 PM: Info! Replace Объект: Environment (UnityEngine.GameObject)
7/28/2018 11:23:46 PM: Info! Replace Объект: Environment (UnityEngine.GameObject)
7/28/2018 11:23:59 PM: Info! Replace Объект: Environment (UnityEngine.GameObject)
7/28/2018 11:24:16 PM: Info! Replace Объект: Environment (UnityEngine.GameObject)
7/28/2018 11:36:08 PM: Info! Replace Объект: Environment (UnityEngine.GameObject)
7/28/2018 11:36:20 PM: Info! Replace Объект: Environment (UnityEngine.GameObject)
7/28/2018 11:36:32 PM: Info! Replace Объект: Environment (UnityEngine.GameObject)
7/28/2018 11:36:45 PM: Info! Replace Объект: Environment (UnityEngine.GameObject)
7/28/2018 11:36:54 PM: Info! Replace Объект: Environment (UnityEngine.GameObject)
7/28/2018 11:37:11 PM: Info! Replace Объект: Environment (UnityEngine.GameObject)
7/28/2018 11:37:26 PM: Info! Replace Объект: Environment (UnityEngine.GameObject)
7/28/2018 11:37:38 PM: Info! Replace Объект: Environment (UnityEngine.GameObject)
